Building DAG of jobs...
Using shell: /usr/bin/bash
Provided cores: 8
Rules claiming more threads will be scaled down.
Job stats:
job              count    min threads    max threads
-------------  -------  -------------  -------------
simulate_data        1              1              1
total                1              1              1

Select jobs to execute...

[Wed Sep 18 18:17:39 2024]
rule simulate_data:
    input: reference_genome, samples, output
    output: reference_genome/simulated_genome.fa, reference_genome/simulated_genes.gtf
    jobid: 0
    resources: tmpdir=/tmp

Terminating processes on user request, this might take some time.
[Wed Sep 18 18:18:28 2024]
Error in rule simulate_data:
    jobid: 0
    output: reference_genome/simulated_genome.fa, reference_genome/simulated_genes.gtf
    shell:
        python3 scripts/01_single_cell_data_simulator.py --genome_dir reference_genome --samples_dir samples --genome_size_bp 5000000 --num_of_samples 3
        (one of the commands exited with non-zero exit code; note that snakemake uses bash strict mode!)

Complete log: /home/sergio/desktop/loka/.snakemake/log/2024-09-18T181738.737308.snakemake.log
