Building DAG of jobs...
Using shell: /usr/bin/bash
Provided cores: 2
Rules claiming more threads will be scaled down.
Job stats:
job              count    min threads    max threads
-------------  -------  -------------  -------------
all                  1              1              1
simulate_data        1              1              1
total                2              1              1

Select jobs to execute...

[Wed Sep 18 16:29:21 2024]
rule simulate_data:
    input: reference_genome, samples, output
    output: reference_genome/simulated_genome.fa
    jobid: 1
    resources: tmpdir=/tmp

[Wed Sep 18 16:31:09 2024]
Finished job 1.
1 of 2 steps (50%) done
Select jobs to execute...

[Wed Sep 18 16:31:09 2024]
localrule all:
    input: reference_genome/simulated_genome.fa
    jobid: 0
    resources: tmpdir=/tmp

[Wed Sep 18 16:31:09 2024]
Finished job 0.
2 of 2 steps (100%) done
Complete log: /home/sergio/desktop/loka/.snakemake/log/2024-09-18T162921.384505.snakemake.log
