Building DAG of jobs...
Using shell: /usr/bin/bash
Provided cores: 8
Rules claiming more threads will be scaled down.
Job stats:
job                     count    min threads    max threads
--------------------  -------  -------------  -------------
STAR_generate_genome        1              1              1
total                       1              1              1

Select jobs to execute...

[Wed Sep 18 17:02:17 2024]
rule STAR_generate_genome:
    input: reference_genome, reference_genome/simulated_genome.fa, reference_genome/simulated_genes.gtf
    output: reference_genome/Genome
    jobid: 0
    resources: tmpdir=/tmp

[Wed Sep 18 17:02:18 2024]
Finished job 0.
1 of 1 steps (100%) done
Complete log: /home/sergio/desktop/loka/.snakemake/log/2024-09-18T170217.287037.snakemake.log
